app/build/intermediates/manifest_merge_blame_file/debug/manifest-merger-blame-debug-report.txt
1<?xml version="1.0" encoding="utf-8"?>
2<manifest xmlns:android="http://schemas.android.com/apk/res/android"
3    package="com.example.projec7"
4    android:versionCode="1"
5    android:versionName="1.0" >
6
7    <uses-sdk
8        android:minSdkVersion="28"
9        android:targetSdkVersion="34" />
10
11    <uses-permission android:name="android.permission.ACCESS_NETWORK_STATE" />
11-->src/main/AndroidManifest.xml:5:5-79
11-->src/main/AndroidManifest.xml:5:22-76
12    <uses-permission android:name="android.permission.INTERNET" />
12-->src/main/AndroidManifest.xml:6:5-67
12-->src/main/AndroidManifest.xml:6:22-64
13    <uses-permission android:name="android.permission.INTERNET" />
13-->src/main/AndroidManifest.xml:6:5-67
13-->src/main/AndroidManifest.xml:6:22-64
14
15    <queries>
15-->[com.android.car.ui:car-ui-lib:2.5.1] AndroidManifest.xml:23:5-34:15
16
17        <!-- Required for querying the IME service at runtime -->
18        <intent>
18-->[com.android.car.ui:car-ui-lib:2.5.1] AndroidManifest.xml:26:9-28:18
19            <action android:name="android.view.InputMethod" />
19-->[com.android.car.ui:car-ui-lib:2.5.1] AndroidManifest.xml:27:13-63
19-->[com.android.car.ui:car-ui-lib:2.5.1] AndroidManifest.xml:27:21-60
20        </intent>
21        <!-- Required for querying the plugin at runtime -->
22        <provider
22-->[com.android.car.ui:car-ui-lib:2.5.1] AndroidManifest.xml:30:9-33:67
23            android:name="com.android.car.ui.plugin.PluginNameProvider"
23-->[com.android.car.ui:car-ui-lib:2.5.1] AndroidManifest.xml:31:13-72
24            android:authorities="com.android.car.ui.plugin" />
24-->[com.android.car.ui:car-ui-lib:2.5.1] AndroidManifest.xml:32:13-60
25        <!-- Needs to be explicitly declared on Android R+ -->
26        <package android:name="com.google.android.apps.maps" />
26-->[com.google.android.gms:play-services-maps:18.1.0] AndroidManifest.xml:33:9-64
26-->[com.google.android.gms:play-services-maps:18.1.0] AndroidManifest.xml:33:18-61
27    </queries>
28
29    <uses-feature
29-->[com.google.android.gms:play-services-maps:18.1.0] AndroidManifest.xml:26:5-28:35
30        android:glEsVersion="0x00020000"
30-->[com.google.android.gms:play-services-maps:18.1.0] AndroidManifest.xml:27:9-41
31        android:required="true" />
31-->[com.google.android.gms:play-services-maps:18.1.0] AndroidManifest.xml:28:9-32
32
33    <permission
33-->[androidx.core:core:1.9.0] AndroidManifest.xml:22:5-24:47
34        android:name="com.example.projec7.DYNAMIC_RECEIVER_NOT_EXPORTED_PERMISSION"
34-->[androidx.core:core:1.9.0] AndroidManifest.xml:23:9-81
35        android:protectionLevel="signature" />
35-->[androidx.core:core:1.9.0] AndroidManifest.xml:24:9-44
36
37    <uses-permission android:name="com.example.projec7.DYNAMIC_RECEIVER_NOT_EXPORTED_PERMISSION" />
37-->[androidx.core:core:1.9.0] AndroidManifest.xml:26:5-97
37-->[androidx.core:core:1.9.0] AndroidManifest.xml:26:22-94
38
39    <application
39-->src/main/AndroidManifest.xml:9:5-76:19
40        android:allowBackup="true"
40-->src/main/AndroidManifest.xml:10:9-35
41        android:appComponentFactory="androidx.core.app.CoreComponentFactory"
41-->[androidx.core:core:1.9.0] AndroidManifest.xml:28:18-86
42        android:dataExtractionRules="@xml/data_extraction_rules"
42-->src/main/AndroidManifest.xml:11:9-65
43        android:debuggable="true"
44        android:extractNativeLibs="false"
45        android:fullBackupContent="@xml/backup_rules"
45-->src/main/AndroidManifest.xml:12:9-54
46        android:icon="@mipmap/ic_launcher"
46-->src/main/AndroidManifest.xml:13:9-43
47        android:label="@string/app_name"
47-->src/main/AndroidManifest.xml:14:9-41
48        android:roundIcon="@mipmap/ic_launcher_round"
48-->src/main/AndroidManifest.xml:15:9-54
49        android:supportsRtl="true"
49-->src/main/AndroidManifest.xml:16:9-35
50        android:testOnly="true"
51        android:theme="@style/Theme.Projec7"
51-->src/main/AndroidManifest.xml:17:9-45
52        android:usesCleartextTraffic="true" >
52-->src/main/AndroidManifest.xml:18:9-44
53
54        <!-- 시작로딩 -->
55        <activity
55-->src/main/AndroidManifest.xml:23:9-30:20
56            android:name="com.example.projec7.IntroActivity"
56-->src/main/AndroidManifest.xml:23:19-48
57            android:exported="true" >
57-->src/main/AndroidManifest.xml:24:13-36
58            <intent-filter>
58-->src/main/AndroidManifest.xml:25:13-29:29
59                <action android:name="android.intent.action.MAIN" />
59-->src/main/AndroidManifest.xml:26:17-69
59-->src/main/AndroidManifest.xml:26:25-66
60
61                <category android:name="android.intent.category.LAUNCHER" />
61-->src/main/AndroidManifest.xml:28:17-77
61-->src/main/AndroidManifest.xml:28:27-74
62            </intent-filter>
63        </activity>
64        <activity
64-->src/main/AndroidManifest.xml:32:9-40:20
65            android:name="com.example.projec7.navigator"
65-->src/main/AndroidManifest.xml:33:13-38
66            android:exported="true" >
66-->src/main/AndroidManifest.xml:34:13-36
67            <intent-filter>
67-->src/main/AndroidManifest.xml:25:13-29:29
68                <action android:name="android.intent.action.MAIN" />
68-->src/main/AndroidManifest.xml:26:17-69
68-->src/main/AndroidManifest.xml:26:25-66
69
70                <category android:name="android.intent.category.LAUNCHER" />
70-->src/main/AndroidManifest.xml:28:17-77
70-->src/main/AndroidManifest.xml:28:27-74
71            </intent-filter>
72        </activity>
73        <activity
73-->src/main/AndroidManifest.xml:42:9-44:40
74            android:name="com.example.projec7.CommunityScreenFragment"
74-->src/main/AndroidManifest.xml:43:13-52
75            android:exported="false" />
75-->src/main/AndroidManifest.xml:44:13-37
76        <activity
76-->src/main/AndroidManifest.xml:45:9-47:40
77            android:name="com.example.projec7.WaterCarFragment"
77-->src/main/AndroidManifest.xml:46:13-45
78            android:exported="false" />
78-->src/main/AndroidManifest.xml:47:13-37
79
80        <meta-data
80-->src/main/AndroidManifest.xml:49:9-51:56
81            android:name="com.google.android.actions"
81-->src/main/AndroidManifest.xml:50:13-54
82            android:resource="@drawable/click_color" />
82-->src/main/AndroidManifest.xml:51:13-53
83
84        <!-- 여기 구글맵 api자리 -->
85
86        <activity
86-->src/main/AndroidManifest.xml:56:9-64:20
87            android:name="com.example.projec7.HeatShelterAPI"
87-->src/main/AndroidManifest.xml:57:13-43
88            android:exported="true" >
88-->src/main/AndroidManifest.xml:58:13-36
89            <intent-filter>
89-->src/main/AndroidManifest.xml:25:13-29:29
90                <action android:name="android.intent.action.MAIN" />
90-->src/main/AndroidManifest.xml:26:17-69
90-->src/main/AndroidManifest.xml:26:25-66
91
92                <category android:name="android.intent.category.LAUNCHER" />
92-->src/main/AndroidManifest.xml:28:17-77
92-->src/main/AndroidManifest.xml:28:27-74
93            </intent-filter>
94        </activity>
95        <activity
95-->src/main/AndroidManifest.xml:66:9-75:20
96            android:name="com.example.projec7.HeatShelterMapFragment"
96-->src/main/AndroidManifest.xml:67:13-51
97            android:exported="true"
97-->src/main/AndroidManifest.xml:68:13-36
98            android:label="@string/title_activity_HeatShel" >
98-->src/main/AndroidManifest.xml:69:13-60
99            <intent-filter>
99-->src/main/AndroidManifest.xml:25:13-29:29
100                <action android:name="android.intent.action.MAIN" />
100-->src/main/AndroidManifest.xml:26:17-69
100-->src/main/AndroidManifest.xml:26:25-66
101
102                <category android:name="android.intent.category.LAUNCHER" />
102-->src/main/AndroidManifest.xml:28:17-77
102-->src/main/AndroidManifest.xml:28:27-74
103            </intent-filter>
104        </activity>
105
106        <provider
106-->[com.android.car.ui:car-ui-lib:2.5.1] AndroidManifest.xml:37:9-42:71
107            android:name="com.android.car.ui.core.CarUiInstaller"
107-->[com.android.car.ui:car-ui-lib:2.5.1] AndroidManifest.xml:38:13-66
108            android:authorities="com.example.projec7.CarUiInstaller"
108-->[com.android.car.ui:car-ui-lib:2.5.1] AndroidManifest.xml:39:13-66
109            android:directBootAware="true"
109-->[com.android.car.ui:car-ui-lib:2.5.1] AndroidManifest.xml:40:13-43
110            android:exported="false"
110-->[com.android.car.ui:car-ui-lib:2.5.1] AndroidManifest.xml:41:13-37
111            android:process="@string/car_ui_installer_process_name" />
111-->[com.android.car.ui:car-ui-lib:2.5.1] AndroidManifest.xml:42:13-68
112        <provider
112-->[com.android.car.ui:car-ui-lib:2.5.1] AndroidManifest.xml:43:9-48:79
113            android:name="com.android.car.ui.core.SearchResultsProvider"
113-->[com.android.car.ui:car-ui-lib:2.5.1] AndroidManifest.xml:44:13-73
114            android:authorities="com.example.projec7.SearchResultsProvider"
114-->[com.android.car.ui:car-ui-lib:2.5.1] AndroidManifest.xml:45:13-73
115            android:exported="true"
115-->[com.android.car.ui:car-ui-lib:2.5.1] AndroidManifest.xml:46:13-36
116            android:process="@string/car_ui_installer_process_name"
116-->[com.android.car.ui:car-ui-lib:2.5.1] AndroidManifest.xml:47:13-68
117            android:readPermission="com.android.car.ui.READ_SEARCH_RESULTS" /> <!-- Needs to be explicitly declared on P+ -->
117-->[com.android.car.ui:car-ui-lib:2.5.1] AndroidManifest.xml:48:13-76
118        <uses-library
118-->[com.google.android.gms:play-services-maps:18.1.0] AndroidManifest.xml:39:9-41:40
119            android:name="org.apache.http.legacy"
119-->[com.google.android.gms:play-services-maps:18.1.0] AndroidManifest.xml:40:13-50
120            android:required="false" />
120-->[com.google.android.gms:play-services-maps:18.1.0] AndroidManifest.xml:41:13-37
121
122        <activity
122-->[com.google.android.gms:play-services-base:18.1.0] AndroidManifest.xml:20:9-22:45
123            android:name="com.google.android.gms.common.api.GoogleApiActivity"
123-->[com.google.android.gms:play-services-base:18.1.0] AndroidManifest.xml:20:19-85
124            android:exported="false"
124-->[com.google.android.gms:play-services-base:18.1.0] AndroidManifest.xml:22:19-43
125            android:theme="@android:style/Theme.Translucent.NoTitleBar" />
125-->[com.google.android.gms:play-services-base:18.1.0] AndroidManifest.xml:21:19-78
126
127        <meta-data
127-->[com.google.android.gms:play-services-basement:18.1.0] AndroidManifest.xml:21:9-23:69
128            android:name="com.google.android.gms.version"
128-->[com.google.android.gms:play-services-basement:18.1.0] AndroidManifest.xml:22:13-58
129            android:value="@integer/google_play_services_version" />
129-->[com.google.android.gms:play-services-basement:18.1.0] AndroidManifest.xml:23:13-66
130
131        <service
131-->[androidx.room:room-runtime:2.6.0] AndroidManifest.xml:24:9-28:63
132            android:name="androidx.room.MultiInstanceInvalidationService"
132-->[androidx.room:room-runtime:2.6.0] AndroidManifest.xml:25:13-74
133            android:directBootAware="true"
133-->[androidx.room:room-runtime:2.6.0] AndroidManifest.xml:26:13-43
134            android:exported="false" />
134-->[androidx.room:room-runtime:2.6.0] AndroidManifest.xml:27:13-37
135
136        <provider
136-->[androidx.emoji2:emoji2:1.2.0] AndroidManifest.xml:24:9-32:20
137            android:name="androidx.startup.InitializationProvider"
137-->[androidx.emoji2:emoji2:1.2.0] AndroidManifest.xml:25:13-67
138            android:authorities="com.example.projec7.androidx-startup"
138-->[androidx.emoji2:emoji2:1.2.0] AndroidManifest.xml:26:13-68
139            android:exported="false" >
139-->[androidx.emoji2:emoji2:1.2.0] AndroidManifest.xml:27:13-37
140            <meta-data
140-->[androidx.emoji2:emoji2:1.2.0] AndroidManifest.xml:29:13-31:52
141                android:name="androidx.emoji2.text.EmojiCompatInitializer"
141-->[androidx.emoji2:emoji2:1.2.0] AndroidManifest.xml:30:17-75
142                android:value="androidx.startup" />
142-->[androidx.emoji2:emoji2:1.2.0] AndroidManifest.xml:31:17-49
143            <meta-data
143-->[androidx.lifecycle:lifecycle-process:2.6.1] AndroidManifest.xml:29:13-31:52
144                android:name="androidx.lifecycle.ProcessLifecycleInitializer"
144-->[androidx.lifecycle:lifecycle-process:2.6.1] AndroidManifest.xml:30:17-78
145                android:value="androidx.startup" />
145-->[androidx.lifecycle:lifecycle-process:2.6.1] AndroidManifest.xml:31:17-49
146            <meta-data
146-->[androidx.profileinstaller:profileinstaller:1.3.0] AndroidManifest.xml:29:13-31:52
147                android:name="androidx.profileinstaller.ProfileInstallerInitializer"
147-->[androidx.profileinstaller:profileinstaller:1.3.0] AndroidManifest.xml:30:17-85
148                android:value="androidx.startup" />
148-->[androidx.profileinstaller:profileinstaller:1.3.0] AndroidManifest.xml:31:17-49
149        </provider>
150
151        <receiver
151-->[androidx.profileinstaller:profileinstaller:1.3.0] AndroidManifest.xml:34:9-52:20
152            android:name="androidx.profileinstaller.ProfileInstallReceiver"
152-->[androidx.profileinstaller:profileinstaller:1.3.0] AndroidManifest.xml:35:13-76
153            android:directBootAware="false"
153-->[androidx.profileinstaller:profileinstaller:1.3.0] AndroidManifest.xml:36:13-44
154            android:enabled="true"
154-->[androidx.profileinstaller:profileinstaller:1.3.0] AndroidManifest.xml:37:13-35
155            android:exported="true"
155-->[androidx.profileinstaller:profileinstaller:1.3.0] AndroidManifest.xml:38:13-36
156            android:permission="android.permission.DUMP" >
156-->[androidx.profileinstaller:profileinstaller:1.3.0] AndroidManifest.xml:39:13-57
157            <intent-filter>
157-->[androidx.profileinstaller:profileinstaller:1.3.0] AndroidManifest.xml:40:13-42:29
158                <action android:name="androidx.profileinstaller.action.INSTALL_PROFILE" />
158-->[androidx.profileinstaller:profileinstaller:1.3.0] AndroidManifest.xml:41:17-91
158-->[androidx.profileinstaller:profileinstaller:1.3.0] AndroidManifest.xml:41:25-88
159            </intent-filter>
160            <intent-filter>
160-->[androidx.profileinstaller:profileinstaller:1.3.0] AndroidManifest.xml:43:13-45:29
161                <action android:name="androidx.profileinstaller.action.SKIP_FILE" />
161-->[androidx.profileinstaller:profileinstaller:1.3.0] AndroidManifest.xml:44:17-85
161-->[androidx.profileinstaller:profileinstaller:1.3.0] AndroidManifest.xml:44:25-82
162            </intent-filter>
163            <intent-filter>
163-->[androidx.profileinstaller:profileinstaller:1.3.0] AndroidManifest.xml:46:13-48:29
164                <action android:name="androidx.profileinstaller.action.SAVE_PROFILE" />
164-->[androidx.profileinstaller:profileinstaller:1.3.0] AndroidManifest.xml:47:17-88
164-->[androidx.profileinstaller:profileinstaller:1.3.0] AndroidManifest.xml:47:25-85
165            </intent-filter>
166            <intent-filter>
166-->[androidx.profileinstaller:profileinstaller:1.3.0] AndroidManifest.xml:49:13-51:29
167                <action android:name="androidx.profileinstaller.action.BENCHMARK_OPERATION" />
167-->[androidx.profileinstaller:profileinstaller:1.3.0] AndroidManifest.xml:50:17-95
167-->[androidx.profileinstaller:profileinstaller:1.3.0] AndroidManifest.xml:50:25-92
168            </intent-filter>
169        </receiver>
170    </application>
171
172</manifest>